<?xml version="1.0" encoding="UTF-8"?>
<!-- Generated by org.testng.reporters.JUnitReportReporter -->
<testsuite hostname="DESKTOP-JET7EDG" failures="0" tests="6" name="testCases.Inventory_Page_Test" time="39.246" errors="0" timestamp="2024-01-03T18:29:24 IST" skipped="0">
  <testcase classname="testCases.Inventory_Page_Test" name="add6ProductTest" time="6.601"/>
  <system-out/>
  <testcase classname="testCases.Inventory_Page_Test" name="remove2ProductTest" time="6.849"/>
  <system-out>
    <![CDATA[Number of product after removing = 4]]>
  </system-out>
  <testcase classname="testCases.Inventory_Page_Test" name="verifyTwitterLogoTest" time="6.282"/>
  <system-out>
    <![CDATA[Visibility of TwitterLogotrue]]>
  </system-out>
  <testcase classname="testCases.Inventory_Page_Test" name="verifyProductLableTest" time="6.149"/>
  <system-out/>
  <testcase classname="testCases.Inventory_Page_Test" name="add6ProductTest" time="6.791"/>
  <system-out/>
  <testcase classname="testCases.Inventory_Page_Test" name="add6ProductTest" time="6.574"/>
  <system-out/>
</testsuite> <!-- testCases.Inventory_Page_Test -->
