<?xml version="1.0" encoding="UTF-8"?>
<!-- Generated by org.testng.reporters.JUnitReportReporter -->
<testsuite hostname="DESKTOP-JET7EDG" failures="0" tests="3" name="testCases.LoginPageTest" time="18.433" errors="0" timestamp="2024-01-03T18:29:24 IST" skipped="0">
  <testcase classname="testCases.LoginPageTest" name="verifyTitleOfApplicationTest" time="5.993"/>
  <system-out/>
  <testcase classname="testCases.LoginPageTest" name="loginToApplicationTest" time="6.451"/>
  <system-out>
    <![CDATA[After Login inventory Page should be come = https://www.saucedemo.com/inventory.html]]>
  </system-out>
  <testcase classname="testCases.LoginPageTest" name="verifyURLOfApplicationTest" time="5.989"/>
  <system-out/>
</testsuite> <!-- testCases.LoginPageTest -->
