<?xml version="1.0" encoding="UTF-8"?>
<!-- Generated by org.testng.reporters.JUnitReportReporter -->
<testsuite hostname="DESKTOP-JET7EDG" failures="0" tests="2" name="testCases.Cart_Page_Test" time="22.432" errors="0" timestamp="2024-01-03T18:29:24 IST" skipped="0">
  <testcase classname="testCases.Cart_Page_Test" name="verifyCartPageUrlTest" time="7.127"/>
  <system-out>
    <![CDATA[Current Page URL of Cart_Page = https://www.saucedemo.com/cart.html]]>
  </system-out>
  <testcase classname="testCases.Cart_Page_Test" name="verifyCartPageLableTest" time="15.305"/>
  <system-out>
    <![CDATA[Cart Page lable = Your Cart]]>
  </system-out>
</testsuite> <!-- testCases.Cart_Page_Test -->
