<?xml version="1.0" encoding="UTF-8"?>
<!-- Generated by org.testng.reporters.JUnitReportReporter -->
<testsuite hostname="DESKTOP-JET7EDG" failures="0" tests="2" name="testCases.CheackOutPage1Test" time="16.654" errors="0" timestamp="2024-01-03T18:29:24 IST" skipped="0">
  <testcase classname="testCases.CheackOutPage1Test" name="inputInfoTest" time="8.938"/>
  <system-out/>
  <testcase classname="testCases.CheackOutPage1Test" name="verifyURLTest" time="7.716"/>
  <system-out/>
</testsuite> <!-- testCases.CheackOutPage1Test -->
